<?xml version="1.0" encoding="UTF-8"?><testrun name="TestMatrixPublic" project="AI" tests="1" started="1" failures="0" errors="1" ignored="0">
  <testsuite name="tests.TestMatrixPublic" time="100.021" displayname="TestMatrixPublic" uniqueid="[engine:junit-vintage]/[runner:tests.TestMatrixPublic]">
    <testcase name="testa3" classname="tests.TestMatrixPublic" time="100.021" displayname="testa3" uniqueid="[engine:junit-vintage]/[runner:tests.TestMatrixPublic]/[test:testa3(tests.TestMatrixPublic)]">
      <error>org.junit.runners.model.TestTimedOutException: test timed out after 100000 milliseconds&#13;
	at java.base@16.0.1/sun.nio.cs.SingleByte$Encoder.encodeArrayLoop(SingleByte.java:225)&#13;
	at java.base@16.0.1/sun.nio.cs.SingleByte$Encoder.encodeLoop(SingleByte.java:259)&#13;
	at java.base@16.0.1/java.nio.charset.CharsetEncoder.encode(CharsetEncoder.java:585)&#13;
	at java.base@16.0.1/sun.nio.cs.StreamEncoder.implWrite(StreamEncoder.java:301)&#13;
	at java.base@16.0.1/sun.nio.cs.StreamEncoder.implWrite(StreamEncoder.java:290)&#13;
	at java.base@16.0.1/sun.nio.cs.StreamEncoder.write(StreamEncoder.java:131)&#13;
	at java.base@16.0.1/java.io.OutputStreamWriter.write(OutputStreamWriter.java:205)&#13;
	at java.base@16.0.1/java.io.BufferedWriter.flushBuffer(BufferedWriter.java:120)&#13;
	at java.base@16.0.1/java.io.PrintStream.writeln(PrintStream.java:722)&#13;
	at java.base@16.0.1/java.io.PrintStream.println(PrintStream.java:1028)&#13;
	at app//code.GeneralSearch.generalSearch(GeneralSearch.java:107)&#13;
	at app//code.Matrix.solve(Matrix.java:302)&#13;
	at app//tests.TestMatrixPublic.testa3(TestMatrixPublic.java:62)&#13;
	at java.base@16.0.1/jdk.internal.reflect.NativeMethodAccessorImpl.invoke0(Native Method)&#13;
	at java.base@16.0.1/jdk.internal.reflect.NativeMethodAccessorImpl.invoke(NativeMethodAccessorImpl.java:78)&#13;
	at java.base@16.0.1/jdk.internal.reflect.DelegatingMethodAccessorImpl.invoke(DelegatingMethodAccessorImpl.java:43)&#13;
	at java.base@16.0.1/java.lang.reflect.Method.invoke(Method.java:567)&#13;
	at app//org.junit.runners.model.FrameworkMethod$1.runReflectiveCall(FrameworkMethod.java:59)&#13;
	at app//org.junit.internal.runners.model.ReflectiveCallable.run(ReflectiveCallable.java:12)&#13;
	at app//org.junit.runners.model.FrameworkMethod.invokeExplosively(FrameworkMethod.java:56)&#13;
	at app//org.junit.internal.runners.statements.InvokeMethod.evaluate(InvokeMethod.java:17)&#13;
	at app//org.junit.internal.runners.statements.FailOnTimeout$CallableStatement.call(FailOnTimeout.java:288)&#13;
	at app//org.junit.internal.runners.statements.FailOnTimeout$CallableStatement.call(FailOnTimeout.java:282)&#13;
	at java.base@16.0.1/java.util.concurrent.FutureTask.run(FutureTask.java:264)&#13;
	at java.base@16.0.1/java.lang.Thread.run(Thread.java:831)&#13;
&#13;
</error>
    </testcase>
  </testsuite>
</testrun>
